C:\Program Files\Microsoft Visual Studio\18\Community\MSBuild\Microsoft\VC\v180\Microsoft.CppBuild.targets(536,5): warning MSB8004: Le répertoire Intermediate ne se termine pas par une barre oblique finale. Cette instance de build ajoutera une barre oblique, comme requis, pour permettre l'évaluation correcte du répertoire Intermediate.
C:\Program Files\Microsoft Visual Studio\18\Community\MSBuild\Microsoft\VC\v180\Microsoft.CppBuild.targets(537,5): warning MSB8004: Le répertoire Output ne se termine pas par une barre oblique finale. Cette instance de build ajoutera une barre oblique, comme requis, pour permettre l'évaluation correcte du répertoire Output.
  imgui_demo.cpp
  renderer.cpp
C:\Users\User\Downloads\CelexUI\celex\rbx\SDK\sdk.h(176,20): warning C4244: 'return' : conversion de 'double' en 'float', perte possible de données
  (compiler le fichier source 'overlay/renderer.cpp')
  
C:\Users\User\Downloads\CelexUI\celex\rbx\SDK\sdk.h(186,64): warning C4244: 'argument' : conversion de 'double' en 'T', perte possible de données
C:\Users\User\Downloads\CelexUI\celex\rbx\SDK\sdk.h(186,64): warning C4244:         with
C:\Users\User\Downloads\CelexUI\celex\rbx\SDK\sdk.h(186,64): warning C4244:         [
C:\Users\User\Downloads\CelexUI\celex\rbx\SDK\sdk.h(186,64): warning C4244:             T=float
C:\Users\User\Downloads\CelexUI\celex\rbx\SDK\sdk.h(186,64): warning C4244:         ]
  (compiler le fichier source 'overlay/renderer.cpp')
  
C:\Users\User\Downloads\CelexUI\celex\features\esp.h(189,60): warning C4244: 'argument' : conversion de 'LONG' en 'float', perte possible de données
  (compiler le fichier source 'overlay/renderer.cpp')
  
C:\Users\User\Downloads\CelexUI\celex\features\esp.h(189,51): warning C4244: 'argument' : conversion de 'LONG' en 'float', perte possible de données
  (compiler le fichier source 'overlay/renderer.cpp')
  
C:\Users\User\Downloads\CelexUI\celex\features\esp.h(190,56): warning C4244: 'argument' : conversion de 'LONG' en 'float', perte possible de données
  (compiler le fichier source 'overlay/renderer.cpp')
  
C:\Users\User\Downloads\CelexUI\celex\features\esp.h(190,47): warning C4244: 'argument' : conversion de 'LONG' en 'float', perte possible de données
  (compiler le fichier source 'overlay/renderer.cpp')
  
C:\Users\User\Downloads\CelexUI\celex\features\aimbot.h(484,42): warning C4244: 'argument' : conversion de 'LONG' en 'float', perte possible de données
  (compiler le fichier source 'overlay/renderer.cpp')
  
C:\Users\User\Downloads\CelexUI\celex\features\aimbot.h(484,37): warning C4244: 'argument' : conversion de 'LONG' en 'float', perte possible de données
  (compiler le fichier source 'overlay/renderer.cpp')
  
C:\Users\User\Downloads\CelexUI\celex\features\aimbot.h(487,52): warning C4244: 'argument' : conversion de 'LONG' en 'float', perte possible de données
  (compiler le fichier source 'overlay/renderer.cpp')
  
C:\Users\User\Downloads\CelexUI\celex\features\aimbot.h(487,47): warning C4244: 'argument' : conversion de 'LONG' en 'float', perte possible de données
  (compiler le fichier source 'overlay/renderer.cpp')
  
C:\Users\User\Downloads\CelexUI\celex\features\crosshair.h(19,16): warning C4244: 'initialisation' : conversion de 'double' en 'float', perte possible de données
  (compiler le fichier source 'overlay/renderer.cpp')
  
C:\Users\User\Downloads\CelexUI\celex\overlay\renderer.cpp(336,96): warning C4244: 'argument' : conversion de 'double' en 'float', perte possible de données
C:\Users\User\Downloads\CelexUI\celex\overlay\renderer.cpp(336,53): warning C4244: 'argument' : conversion de 'double' en 'float', perte possible de données
C:\Users\User\Downloads\CelexUI\celex\overlay\renderer.cpp(355,42): warning C4244: 'argument' : conversion de 'double' en 'float', perte possible de données
C:\Users\User\Downloads\CelexUI\celex\overlay\renderer.cpp(356,42): warning C4244: 'argument' : conversion de 'double' en 'float', perte possible de données
C:\Users\User\Downloads\CelexUI\celex\overlay\renderer.cpp(522,53): warning C4244: 'initialisation' : conversion de 'double' en 'float', perte possible de données
C:\Users\User\Downloads\CelexUI\celex\overlay\renderer.cpp(529,53): warning C4244: 'initialisation' : conversion de 'double' en 'float', perte possible de données
  Génération de code en cours
  6 of 2519 functions ( 0.2%) were compiled, the rest were copied from previous compilation.
    0 functions were new in current compilation
    26 functions had inline decision re-evaluated but remain unchanged
  Fin de la génération du code
  celex.vcxproj -> C:\Users\User\Downloads\CelexUI\build\Phantom.win.exe
